<?xml version="1.0" encoding="UTF-8"?>
<testng-results ignored="0" total="2" passed="2" failed="0" skipped="0">
  <reporter-output>
    <line>
      <![CDATA[The browser 2 is opened in tab 2]]>
    </line>
    <line>
      <![CDATA[The browser 1 is opened in tab1]]>
    </line>
    <line>
      <![CDATA[The browse 1 is maximized in tab1]]>
    </line>
    <line>
      <![CDATA[The browser 2 is maximized]]>
    </line>
    <line>
      <![CDATA[The google is opened in tab2]]>
    </line>
    <line>
      <![CDATA[The google website is opened in tab1]]>
    </line>
    <line>
      <![CDATA[The data has entered in tab2]]>
    </line>
    <line>
      <![CDATA[the data has been entered in tab1]]>
    </line>
  </reporter-output>
  <suite started-at="2023-01-05T10:39:37 IST" name="Parallel Test Run" finished-at="2023-01-05T10:39:40 IST" duration-ms="3528">
    <groups>
    </groups>
    <test started-at="2023-01-05T10:39:37 IST" name="Parallel test" finished-at="2023-01-05T10:39:40 IST" duration-ms="3528">
      <class name="TestNG.ReportClassA">
        <test-method signature="run()[pri:0, instance:TestNG.ReportClassA@62e136d3]" started-at="2023-01-05T10:39:37 IST" name="run" finished-at="2023-01-05T10:39:40 IST" duration-ms="3509" status="PASS">
          <reporter-output>
            <line>
              <![CDATA[The browser 1 is opened in tab1]]>
            </line>
            <line>
              <![CDATA[The browse 1 is maximized in tab1]]>
            </line>
            <line>
              <![CDATA[The google website is opened in tab1]]>
            </line>
            <line>
              <![CDATA[the data has been entered in tab1]]>
            </line>
          </reporter-output>
        </test-method> <!-- run -->
      </class> <!-- TestNG.ReportClassA -->
      <class name="TestNG.ReportClassB">
        <test-method signature="run()[pri:0, instance:TestNG.ReportClassB@77e9807f]" started-at="2023-01-05T10:39:37 IST" name="run" finished-at="2023-01-05T10:39:40 IST" duration-ms="3508" status="PASS">
          <reporter-output>
            <line>
              <![CDATA[The browser 2 is opened in tab 2]]>
            </line>
            <line>
              <![CDATA[The browser 2 is maximized]]>
            </line>
            <line>
              <![CDATA[The google is opened in tab2]]>
            </line>
            <line>
              <![CDATA[The data has entered in tab2]]>
            </line>
          </reporter-output>
        </test-method> <!-- run -->
      </class> <!-- TestNG.ReportClassB -->
    </test> <!-- Parallel test -->
  </suite> <!-- Parallel Test Run -->
</testng-results>
